<?xml version="1.0" encoding="UTF-8"?>
<!-- Generated by org.testng.reporters.JUnitXMLReporter -->
<testsuite ignored="0" hostname="DESKTOP-33TILLP" failures="0" tests="3" name="Default test" time="15.528" errors="0" timestamp="14 Jan 2024 11:09:28 GMT">
  <testcase classname="com.usersapi.testcases.TC03_Post_New_User_UsingDataDrivenTest" name="postnewuser" time="5.314"/>
  <testcase classname="com.usersapi.testcases.TC03_Post_New_User_UsingDataDrivenTest" name="postnewuser" time="3.869"/>
  <testcase classname="com.usersapi.testcases.TC03_Post_New_User_UsingDataDrivenTest" name="postnewuser" time="3.819"/>
</testsuite> <!-- Default test -->
