<?xml version="1.0" encoding="UTF-8"?>
<!-- Generated by org.testng.reporters.JUnitXMLReporter -->
<testsuite ignored="0" hostname="DESKTOP-33TILLP" failures="0" tests="5" name="RestAssuredTest" time="21.173" errors="0" timestamp="06 Jan 2024 12:43:09 GMT">
  <testcase classname="com.usersapi.testcases.TC01_Get_All_Users" name="responsebodycheck" time="0.056"/>
  <testcase classname="com.usersapi.testcases.TC02_Get_Single_User" name="responsebodycheck" time="0.012"/>
  <testcase classname="com.usersapi.testcases.TC03_Post_New_User" name="responsebodycheck" time="0.007"/>
  <testcase classname="com.usersapi.testcases.TC04_Put_User" name="responsebodycheck" time="0.005"/>
  <testcase classname="com.usersapi.testcases.TC05_Delete_User" name="statuscodecheck" time="0.007"/>
</testsuite> <!-- RestAssuredTest -->
