<?xml version="1.0" encoding="UTF-8"?>
<!-- Generated by org.testng.reporters.JUnitXMLReporter -->
<testsuite ignored="0" hostname="DESKTOP-33TILLP" failures="0" tests="20" name="RestAssuredAPITest" time="21.103" errors="0" timestamp="14 Jan 2024 11:24:56 GMT">
  <testcase classname="com.usersapi.testcases.TC01_Get_All_Users" name="contenttypecheck" time="0.024"/>
  <testcase classname="com.usersapi.testcases.TC01_Get_All_Users" name="responsebodycheck" time="0.035"/>
  <testcase classname="com.usersapi.testcases.TC01_Get_All_Users" name="statuscodecheck" time="0.005"/>
  <testcase classname="com.usersapi.testcases.TC01_Get_All_Users" name="statuslinecheck" time="0.004"/>
  <testcase classname="com.usersapi.testcases.TC02_Get_Single_User" name="contenttypecheck" time="0.008"/>
  <testcase classname="com.usersapi.testcases.TC02_Get_Single_User" name="responsebodycheck" time="0.009"/>
  <testcase classname="com.usersapi.testcases.TC02_Get_Single_User" name="statuscodecheck" time="0.01"/>
  <testcase classname="com.usersapi.testcases.TC02_Get_Single_User" name="statuslinecheck" time="0.005"/>
  <testcase classname="com.usersapi.testcases.TC03_Post_New_User" name="contenttypecheck" time="0.01"/>
  <testcase classname="com.usersapi.testcases.TC03_Post_New_User" name="responsebodycheck" time="0.008"/>
  <testcase classname="com.usersapi.testcases.TC03_Post_New_User" name="responsebodypostcheck" time="0.001"/>
  <testcase classname="com.usersapi.testcases.TC03_Post_New_User" name="statuscodecheck" time="0.005"/>
  <testcase classname="com.usersapi.testcases.TC03_Post_New_User" name="statuslinecheck" time="0.005"/>
  <testcase classname="com.usersapi.testcases.TC04_Put_User" name="contenttypecheck" time="0.002"/>
  <testcase classname="com.usersapi.testcases.TC04_Put_User" name="responsebodycheck" time="0.001"/>
  <testcase classname="com.usersapi.testcases.TC04_Put_User" name="responsebodyputcheck" time="0.0"/>
  <testcase classname="com.usersapi.testcases.TC04_Put_User" name="statuscodecheck" time="0.005"/>
  <testcase classname="com.usersapi.testcases.TC04_Put_User" name="statuslinecheck" time="0.005"/>
  <testcase classname="com.usersapi.testcases.TC05_Delete_User" name="statuscodecheck" time="0.003"/>
  <testcase classname="com.usersapi.testcases.TC05_Delete_User" name="statuslinecheck" time="0.002"/>
</testsuite> <!-- RestAssuredAPITest -->
